[1/47] Processing file /workspace/include/public/marco/AST/Node/Algorithm.h.
3918 warnings generated.
[2/47] Processing file /workspace/include/public/marco/AST/Node/Annotation.h.
7836 warnings generated.
[3/47] Processing file /workspace/include/public/marco/AST/Node/ArrayConstant.h.
11754 warnings generated.
[4/47] Processing file /workspace/include/public/marco/AST/Node/ArrayDimension.h.
15690 warnings generated.
[5/47] Processing file /workspace/include/public/marco/AST/Node/ArrayForGenerator.h.
19608 warnings generated.
[6/47] Processing file /workspace/include/public/marco/AST/Node/ArrayGenerator.h.
23517 warnings generated.
[7/47] Processing file /workspace/include/public/marco/AST/Node/AssignmentStatement.h.
27435 warnings generated.
[8/47] Processing file /workspace/include/public/marco/AST/Node/ASTNode.h.
31344 warnings generated.
[9/47] Processing file /workspace/include/public/marco/AST/Node/BreakStatement.h.
35253 warnings generated.
[10/47] Processing file /workspace/include/public/marco/AST/Node/Call.h.
39171 warnings generated.
[11/47] Processing file /workspace/include/public/marco/AST/Node/CallStatement.h.
43089 warnings generated.
[12/47] Processing file /workspace/include/public/marco/AST/Node/Class.h.
47007 warnings generated.
[13/47] Processing file /workspace/include/public/marco/AST/Node/ComponentReference.h.
50925 warnings generated.
[14/47] Processing file /workspace/include/public/marco/AST/Node/ComponentReferenceEntry.h.
54843 warnings generated.
[15/47] Processing file /workspace/include/public/marco/AST/Node/Constant.h.
58771 warnings generated.
[16/47] Processing file /workspace/include/public/marco/AST/Node/EqualityEquation.h.
62689 warnings generated.
[17/47] Processing file /workspace/include/public/marco/AST/Node/Equation.h.
66598 warnings generated.
[18/47] Processing file /workspace/include/public/marco/AST/Node/EquationSection.h.
70516 warnings generated.
[19/47] Processing file /workspace/include/public/marco/AST/Node/Expression.h.
74425 warnings generated.
[20/47] Processing file /workspace/include/public/marco/AST/Node/ExpressionFunctionArgument.h.
78343 warnings generated.
[21/47] Processing file /workspace/include/public/marco/AST/Node/ForEquation.h.
82261 warnings generated.
[22/47] Processing file /workspace/include/public/marco/AST/Node/ForIndex.h.
86179 warnings generated.
[23/47] Processing file /workspace/include/public/marco/AST/Node/ForStatement.h.
90097 warnings generated.
[24/47] Processing file /workspace/include/public/marco/AST/Node/Function.h.
94017 warnings generated.
[25/47] Processing file /workspace/include/public/marco/AST/Node/FunctionArgument.h.
97926 warnings generated.
[26/47] Processing file /workspace/include/public/marco/AST/Node/IfEquation.h.
101844 warnings generated.
[27/47] Processing file /workspace/include/public/marco/AST/Node/IfStatement.h.
105762 warnings generated.
[28/47] Processing file /workspace/include/public/marco/AST/Node/Member.h.
109680 warnings generated.
[29/47] Processing file /workspace/include/public/marco/AST/Node/Model.h.
113598 warnings generated.
[30/47] Processing file /workspace/include/public/marco/AST/Node/Modification.h.
117516 warnings generated.
[31/47] Processing file /workspace/include/public/marco/AST/Node/NamedFunctionArgument.h.
121434 warnings generated.
[32/47] Processing file /workspace/include/public/marco/AST/Node/Operation.h.
125352 warnings generated.
[33/47] Processing file /workspace/include/public/marco/AST/Node/Package.h.
129270 warnings generated.
[34/47] Processing file /workspace/include/public/marco/AST/Node/Record.h.
133188 warnings generated.
[35/47] Processing file /workspace/include/public/marco/AST/Node/Reduction.h.
137106 warnings generated.
[36/47] Processing file /workspace/include/public/marco/AST/Node/ReductionFunctionArgument.h.
141024 warnings generated.
[37/47] Processing file /workspace/include/public/marco/AST/Node/ReturnStatement.h.
144933 warnings generated.
[38/47] Processing file /workspace/include/public/marco/AST/Node/Root.h.
148851 warnings generated.
[39/47] Processing file /workspace/include/public/marco/AST/Node/Statement.h.
152760 warnings generated.
[40/47] Processing file /workspace/include/public/marco/AST/Node/StatementsBlock.h.
156678 warnings generated.
[41/47] Processing file /workspace/include/public/marco/AST/Node/Subscript.h.
160596 warnings generated.
[42/47] Processing file /workspace/include/public/marco/AST/Node/Tuple.h.
164514 warnings generated.
[43/47] Processing file /workspace/include/public/marco/AST/Node/Type.h.
168432 warnings generated.
[44/47] Processing file /workspace/include/public/marco/AST/Node/TypePrefix.h.
172341 warnings generated.
[45/47] Processing file /workspace/include/public/marco/AST/Node/WhenEquation.h.
176259 warnings generated.
[46/47] Processing file /workspace/include/public/marco/AST/Node/WhenStatement.h.
180177 warnings generated.
[47/47] Processing file /workspace/include/public/marco/AST/Node/WhileStatement.h.
184095 warnings generated.
Suppressed 184189 warnings (184095 in non-user code, 94 NOLINT).
Use -header-filter=.* to display errors from all non-system headers. Use -system-headers to display errors from system headers as well.
